<?xml version="1.0" encoding="UTF-8"?>
<testsuite xmlns:xsi="http://www.w3.org/2001/XMLSchema-instance" xsi:noNamespaceSchemaLocation="https://maven.apache.org/surefire/maven-surefire-plugin/xsd/surefire-test-report-3.0.xsd" version="3.0" name="daoTests.DAOTestSuiteTest" time="1.434" tests="6" errors="0" skipped="0" failures="0">
  <properties>
[...]
</properties>
  <testcase name="createOrderTest" classname="daoTests.orderDAOTests.createOrderTest" time="0.057">
    <system-out><![CDATA[Database 'flooring_test' created.
Connected to database: flooring_test
Database ready: flooring_test
Table ready: ORDERS
Table ready: PRODUCTS
Table ready: TAXES
Default records added to ORDERS
Default records added to PRODUCTS
Default records added to TAXES
]]></system-out>
  </testcase>
  <testcase name="readOrderTest" classname="daoTests.orderDAOTests.readOrderTest" time="0.012"/>
  <testcase name="updateOrderTest" classname="daoTests.orderDAOTests.updateOrderTest" time="0.015"/>
  <testcase name="deleteOrderTest" classname="daoTests.orderDAOTests.deleteOrderTest" time="0.015"/>
  <testcase name="readProductTest" classname="daoTests.productDAOTests.readProductTest" time="0.009"/>
  <testcase name="readTaxTest" classname="daoTests.taxDAOTests.readTaxTest" time="0.01"/>
</testsuite>